<?xml version="1.0" encoding="UTF-8"?>
<!-- Generated by org.testng.reporters.JUnitXMLReporter -->
<testsuite ignored="0" hostname="LAPTOP-H7R7DK85" failures="0" tests="4" name="Tests2" time="0.013" errors="0" timestamp="2022-09-15T20:18:21 IST">
  <testcase classname="scripts.Test0" name="tc1" time="0.001"/>
  <testcase classname="scripts.Test3" name="tc1" time="0.002"/>
  <testcase classname="scripts.Test1" name="tc2" time="0.004"/>
  <testcase classname="scripts.Test2" name="tc3" time="0.008"/>
</testsuite> <!-- Tests2 -->
