<?xml version="1.0" encoding="UTF-8"?>
<!-- Generated by org.testng.reporters.JUnitXMLReporter -->
<testsuite ignored="2" hostname="LAPTOP-H7R7DK85" failures="0" tests="2" name="Test" time="0.055" errors="0" timestamp="2022-10-05T15:21:41 IST">
  <testcase classname="testNG.DemoTest" name="createCustomer" time="0.008"/>
  <testcase classname="testNG.DemoTest" name="searchCustomer" time="0.002"/>
  <testcase classname="testNG.DemoTest" name="editCustomer" time="0.0">
    <ignored/>
  </testcase> <!-- editCustomer -->
  <testcase classname="testNG.DemoTest" name="deleteCustomer" time="0.0">
    <ignored/>
  </testcase> <!-- deleteCustomer -->
</testsuite> <!-- Test -->
