<?xml version="1.0" encoding="UTF-8"?>
<!-- Generated by org.testng.reporters.JUnitXMLReporter -->
<testsuite ignored="0" hostname="LAPTOP-H7R7DK85" failures="0" tests="4" name="Test" time="0.054" errors="0" timestamp="2022-09-15T20:15:10 IST">
  <testcase classname="scripts.Test1" name="tc2" time="0.016"/>
  <testcase classname="scripts.Test3" name="tc1" time="0.016"/>
  <testcase classname="scripts.Test2" name="tc3" time="0.014"/>
  <testcase classname="scripts.Test0" name="tc1" time="0.018"/>
</testsuite> <!-- Test -->
